<?xml version="1.0" encoding="UTF-8"?>
<testsuite xmlns:xsi="http://www.w3.org/2001/XMLSchema-instance" xsi:noNamespaceSchemaLocation="https://maven.apache.org/surefire/maven-surefire-plugin/xsd/surefire-test-report.xsd" name="com.pedrocoelho.learningspringframework.PetClinicApplicationTests" time="7.482" tests="1" errors="1" skipped="0" failures="0">
  <properties>
    <property name="java.specification.version" value="13"/>
    <property name="sun.jnu.encoding" value="UTF-8"/>
    <property name="java.class.path" value="/home/pedrocoelho/Workspaces/intelliJ-workspace/petclinic/petclinic-web/target/test-classes:/home/pedrocoelho/Workspaces/intelliJ-workspace/petclinic/petclinic-web/target/classes:/home/pedrocoelho/Workspaces/intelliJ-workspace/petclinic/petclinic-data/target/petclinic-data-0.0.8-SNAPSHOT.jar:/home/pedrocoelho/.m2/repository/org/springframework/boot/spring-boot-starter-data-jpa/2.1.7.RELEASE/spring-boot-starter-data-jpa-2.1.7.RELEASE.jar:/home/pedrocoelho/.m2/repository/org/springframework/boot/spring-boot-starter-aop/2.1.7.RELEASE/spring-boot-starter-aop-2.1.7.RELEASE.jar:/home/pedrocoelho/.m2/repository/org/aspectj/aspectjweaver/1.9.4/aspectjweaver-1.9.4.jar:/home/pedrocoelho/.m2/repository/org/springframework/boot/spring-boot-starter-jdbc/2.1.7.RELEASE/spring-boot-starter-jdbc-2.1.7.RELEASE.jar:/home/pedrocoelho/.m2/repository/com/zaxxer/HikariCP/3.2.0/HikariCP-3.2.0.jar:/home/pedrocoelho/.m2/repository/org/springframework/spring-jdbc/5.1.9.RELEASE/spring-jdbc-5.1.9.RELEASE.jar:/home/pedrocoelho/.m2/repository/javax/transaction/javax.transaction-api/1.3/javax.transaction-api-1.3.jar:/home/pedrocoelho/.m2/repository/javax/xml/bind/jaxb-api/2.3.1/jaxb-api-2.3.1.jar:/home/pedrocoelho/.m2/repository/javax/activation/javax.activation-api/1.2.0/javax.activation-api-1.2.0.jar:/home/pedrocoelho/.m2/repository/org/hibernate/hibernate-core/5.3.10.Final/hibernate-core-5.3.10.Final.jar:/home/pedrocoelho/.m2/repository/javax/persistence/javax.persistence-api/2.2/javax.persistence-api-2.2.jar:/home/pedrocoelho/.m2/repository/org/javassist/javassist/3.23.2-GA/javassist-3.23.2-GA.jar:/home/pedrocoelho/.m2/repository/antlr/antlr/2.7.7/antlr-2.7.7.jar:/home/pedrocoelho/.m2/repository/org/jboss/jandex/2.0.5.Final/jandex-2.0.5.Final.jar:/home/pedrocoelho/.m2/repository/org/dom4j/dom4j/2.1.1/dom4j-2.1.1.jar:/home/pedrocoelho/.m2/repository/org/hibernate/common/hibernate-commons-annotations/5.0.4.Final/hibernate-commons-annotations-5.0.4.Final.jar:/home/pedrocoelho/.m2/repository/org/springframework/data/spring-data-jpa/2.1.10.RELEASE/spring-data-jpa-2.1.10.RELEASE.jar:/home/pedrocoelho/.m2/repository/org/springframework/data/spring-data-commons/2.1.10.RELEASE/spring-data-commons-2.1.10.RELEASE.jar:/home/pedrocoelho/.m2/repository/org/springframework/spring-orm/5.1.9.RELEASE/spring-orm-5.1.9.RELEASE.jar:/home/pedrocoelho/.m2/repository/org/springframework/spring-tx/5.1.9.RELEASE/spring-tx-5.1.9.RELEASE.jar:/home/pedrocoelho/.m2/repository/org/springframework/spring-aspects/5.1.9.RELEASE/spring-aspects-5.1.9.RELEASE.jar:/home/pedrocoelho/.m2/repository/com/h2database/h2/1.4.199/h2-1.4.199.jar:/home/pedrocoelho/.m2/repository/mysql/mysql-connector-java/8.0.17/mysql-connector-java-8.0.17.jar:/home/pedrocoelho/.m2/repository/org/springframework/boot/spring-boot-starter-actuator/2.1.7.RELEASE/spring-boot-starter-actuator-2.1.7.RELEASE.jar:/home/pedrocoelho/.m2/repository/org/springframework/boot/spring-boot-starter/2.1.7.RELEASE/spring-boot-starter-2.1.7.RELEASE.jar:/home/pedrocoelho/.m2/repository/org/springframework/boot/spring-boot-starter-logging/2.1.7.RELEASE/spring-boot-starter-logging-2.1.7.RELEASE.jar:/home/pedrocoelho/.m2/repository/ch/qos/logback/logback-classic/1.2.3/logback-classic-1.2.3.jar:/home/pedrocoelho/.m2/repository/ch/qos/logback/logback-core/1.2.3/logback-core-1.2.3.jar:/home/pedrocoelho/.m2/repository/org/apache/logging/log4j/log4j-to-slf4j/2.11.2/log4j-to-slf4j-2.11.2.jar:/home/pedrocoelho/.m2/repository/org/apache/logging/log4j/log4j-api/2.11.2/log4j-api-2.11.2.jar:/home/pedrocoelho/.m2/repository/org/slf4j/jul-to-slf4j/1.7.26/jul-to-slf4j-1.7.26.jar:/home/pedrocoelho/.m2/repository/javax/annotation/javax.annotation-api/1.3.2/javax.annotation-api-1.3.2.jar:/home/pedrocoelho/.m2/repository/org/yaml/snakeyaml/1.23/snakeyaml-1.23.jar:/home/pedrocoelho/.m2/repository/org/springframework/boot/spring-boot-actuator-autoconfigure/2.1.7.RELEASE/spring-boot-actuator-autoconfigure-2.1.7.RELEASE.jar:/home/pedrocoelho/.m2/repository/org/springframework/boot/spring-boot-actuator/2.1.7.RELEASE/spring-boot-actuator-2.1.7.RELEASE.jar:/home/pedrocoelho/.m2/repository/com/fasterxml/jackson/core/jackson-databind/2.9.9/jackson-databind-2.9.9.jar:/home/pedrocoelho/.m2/repository/com/fasterxml/jackson/core/jackson-annotations/2.9.0/jackson-annotations-2.9.0.jar:/home/pedrocoelho/.m2/repository/org/springframework/spring-context/5.1.9.RELEASE/spring-context-5.1.9.RELEASE.jar:/home/pedrocoelho/.m2/repository/com/fasterxml/jackson/datatype/jackson-datatype-jsr310/2.9.9/jackson-datatype-jsr310-2.9.9.jar:/home/pedrocoelho/.m2/repository/io/micrometer/micrometer-core/1.1.5/micrometer-core-1.1.5.jar:/home/pedrocoelho/.m2/repository/org/hdrhistogram/HdrHistogram/2.1.9/HdrHistogram-2.1.9.jar:/home/pedrocoelho/.m2/repository/org/latencyutils/LatencyUtils/2.0.3/LatencyUtils-2.0.3.jar:/home/pedrocoelho/.m2/repository/org/springframework/boot/spring-boot-starter-thymeleaf/2.1.7.RELEASE/spring-boot-starter-thymeleaf-2.1.7.RELEASE.jar:/home/pedrocoelho/.m2/repository/org/thymeleaf/thymeleaf-spring5/3.0.11.RELEASE/thymeleaf-spring5-3.0.11.RELEASE.jar:/home/pedrocoelho/.m2/repository/org/thymeleaf/thymeleaf/3.0.11.RELEASE/thymeleaf-3.0.11.RELEASE.jar:/home/pedrocoelho/.m2/repository/org/attoparser/attoparser/2.0.5.RELEASE/attoparser-2.0.5.RELEASE.jar:/home/pedrocoelho/.m2/repository/org/unbescape/unbescape/1.1.6.RELEASE/unbescape-1.1.6.RELEASE.jar:/home/pedrocoelho/.m2/repository/org/thymeleaf/extras/thymeleaf-extras-java8time/3.0.4.RELEASE/thymeleaf-extras-java8time-3.0.4.RELEASE.jar:/home/pedrocoelho/.m2/repository/org/springframework/boot/spring-boot-starter-web/2.1.7.RELEASE/spring-boot-starter-web-2.1.7.RELEASE.jar:/home/pedrocoelho/.m2/repository/org/springframework/boot/spring-boot-starter-json/2.1.7.RELEASE/spring-boot-starter-json-2.1.7.RELEASE.jar:/home/pedrocoelho/.m2/repository/com/fasterxml/jackson/datatype/jackson-datatype-jdk8/2.9.9/jackson-datatype-jdk8-2.9.9.jar:/home/pedrocoelho/.m2/repository/com/fasterxml/jackson/module/jackson-module-parameter-names/2.9.9/jackson-module-parameter-names-2.9.9.jar:/home/pedrocoelho/.m2/repository/org/springframework/boot/spring-boot-starter-tomcat/2.1.7.RELEASE/spring-boot-starter-tomcat-2.1.7.RELEASE.jar:/home/pedrocoelho/.m2/repository/org/apache/tomcat/embed/tomcat-embed-core/9.0.22/tomcat-embed-core-9.0.22.jar:/home/pedrocoelho/.m2/repository/org/apache/tomcat/embed/tomcat-embed-el/9.0.22/tomcat-embed-el-9.0.22.jar:/home/pedrocoelho/.m2/repository/org/apache/tomcat/embed/tomcat-embed-websocket/9.0.22/tomcat-embed-websocket-9.0.22.jar:/home/pedrocoelho/.m2/repository/org/hibernate/validator/hibernate-validator/6.0.17.Final/hibernate-validator-6.0.17.Final.jar:/home/pedrocoelho/.m2/repository/javax/validation/validation-api/2.0.1.Final/validation-api-2.0.1.Final.jar:/home/pedrocoelho/.m2/repository/org/jboss/logging/jboss-logging/3.3.2.Final/jboss-logging-3.3.2.Final.jar:/home/pedrocoelho/.m2/repository/com/fasterxml/classmate/1.4.0/classmate-1.4.0.jar:/home/pedrocoelho/.m2/repository/org/springframework/spring-web/5.1.9.RELEASE/spring-web-5.1.9.RELEASE.jar:/home/pedrocoelho/.m2/repository/org/springframework/spring-beans/5.1.9.RELEASE/spring-beans-5.1.9.RELEASE.jar:/home/pedrocoelho/.m2/repository/org/springframework/spring-webmvc/5.1.9.RELEASE/spring-webmvc-5.1.9.RELEASE.jar:/home/pedrocoelho/.m2/repository/org/springframework/spring-aop/5.1.9.RELEASE/spring-aop-5.1.9.RELEASE.jar:/home/pedrocoelho/.m2/repository/org/springframework/spring-expression/5.1.9.RELEASE/spring-expression-5.1.9.RELEASE.jar:/home/pedrocoelho/.m2/repository/org/springframework/boot/spring-boot-devtools/2.1.7.RELEASE/spring-boot-devtools-2.1.7.RELEASE.jar:/home/pedrocoelho/.m2/repository/org/springframework/boot/spring-boot/2.1.7.RELEASE/spring-boot-2.1.7.RELEASE.jar:/home/pedrocoelho/.m2/repository/org/springframework/boot/spring-boot-autoconfigure/2.1.7.RELEASE/spring-boot-autoconfigure-2.1.7.RELEASE.jar:/home/pedrocoelho/.m2/repository/org/webjars/webjars-locator-core/0.35/webjars-locator-core-0.35.jar:/home/pedrocoelho/.m2/repository/org/slf4j/slf4j-api/1.7.26/slf4j-api-1.7.26.jar:/home/pedrocoelho/.m2/repository/org/apache/commons/commons-lang3/3.8.1/commons-lang3-3.8.1.jar:/home/pedrocoelho/.m2/repository/org/apache/commons/commons-compress/1.9/commons-compress-1.9.jar:/home/pedrocoelho/.m2/repository/com/fasterxml/jackson/core/jackson-core/2.9.9/jackson-core-2.9.9.jar:/home/pedrocoelho/.m2/repository/org/webjars/jquery/2.2.4/jquery-2.2.4.jar:/home/pedrocoelho/.m2/repository/org/webjars/jquery-ui/1.11.4/jquery-ui-1.11.4.jar:/home/pedrocoelho/.m2/repository/org/webjars/bootstrap/3.3.6/bootstrap-3.3.6.jar:/home/pedrocoelho/.m2/repository/org/springframework/boot/spring-boot-starter-test/2.1.7.RELEASE/spring-boot-starter-test-2.1.7.RELEASE.jar:/home/pedrocoelho/.m2/repository/org/springframework/boot/spring-boot-test/2.1.7.RELEASE/spring-boot-test-2.1.7.RELEASE.jar:/home/pedrocoelho/.m2/repository/org/springframework/boot/spring-boot-test-autoconfigure/2.1.7.RELEASE/spring-boot-test-autoconfigure-2.1.7.RELEASE.jar:/home/pedrocoelho/.m2/repository/com/jayway/jsonpath/json-path/2.4.0/json-path-2.4.0.jar:/home/pedrocoelho/.m2/repository/net/minidev/json-smart/2.3/json-smart-2.3.jar:/home/pedrocoelho/.m2/repository/net/minidev/accessors-smart/1.2/accessors-smart-1.2.jar:/home/pedrocoelho/.m2/repository/org/ow2/asm/asm/5.0.4/asm-5.0.4.jar:/home/pedrocoelho/.m2/repository/junit/junit/4.12/junit-4.12.jar:/home/pedrocoelho/.m2/repository/org/assertj/assertj-core/3.11.1/assertj-core-3.11.1.jar:/home/pedrocoelho/.m2/repository/org/mockito/mockito-core/2.23.4/mockito-core-2.23.4.jar:/home/pedrocoelho/.m2/repository/net/bytebuddy/byte-buddy/1.9.16/byte-buddy-1.9.16.jar:/home/pedrocoelho/.m2/repository/net/bytebuddy/byte-buddy-agent/1.9.16/byte-buddy-agent-1.9.16.jar:/home/pedrocoelho/.m2/repository/org/objenesis/objenesis/2.6/objenesis-2.6.jar:/home/pedrocoelho/.m2/repository/org/hamcrest/hamcrest-core/1.3/hamcrest-core-1.3.jar:/home/pedrocoelho/.m2/repository/org/hamcrest/hamcrest-library/1.3/hamcrest-library-1.3.jar:/home/pedrocoelho/.m2/repository/org/skyscreamer/jsonassert/1.5.0/jsonassert-1.5.0.jar:/home/pedrocoelho/.m2/repository/com/vaadin/external/google/android-json/0.0.20131108.vaadin1/android-json-0.0.20131108.vaadin1.jar:/home/pedrocoelho/.m2/repository/org/springframework/spring-core/5.1.9.RELEASE/spring-core-5.1.9.RELEASE.jar:/home/pedrocoelho/.m2/repository/org/springframework/spring-jcl/5.1.9.RELEASE/spring-jcl-5.1.9.RELEASE.jar:/home/pedrocoelho/.m2/repository/org/springframework/spring-test/5.1.9.RELEASE/spring-test-5.1.9.RELEASE.jar:/home/pedrocoelho/.m2/repository/org/xmlunit/xmlunit-core/2.6.3/xmlunit-core-2.6.3.jar:"/>
    <property name="java.vm.vendor" value="Private Build"/>
    <property name="sun.arch.data.model" value="64"/>
    <property name="java.vendor.url" value="Unknown"/>
    <property name="os.name" value="Linux"/>
    <property name="java.vm.specification.version" value="13"/>
    <property name="sun.java.launcher" value="SUN_STANDARD"/>
    <property name="user.country" value="US"/>
    <property name="sun.boot.library.path" value="/usr/lib/jvm/java-13-openjdk-amd64/lib"/>
    <property name="sun.java.command" value="/home/pedrocoelho/Workspaces/intelliJ-workspace/petclinic/petclinic-web/target/surefire/surefirebooter17804351613157915692.jar /home/pedrocoelho/Workspaces/intelliJ-workspace/petclinic/petclinic-web/target/surefire 2019-11-01T13-24-31_354-jvmRun1 surefire16228000269996210107tmp surefire_014881707510119315637tmp"/>
    <property name="jdk.debug" value="release"/>
    <property name="surefire.test.class.path" value="/home/pedrocoelho/Workspaces/intelliJ-workspace/petclinic/petclinic-web/target/test-classes:/home/pedrocoelho/Workspaces/intelliJ-workspace/petclinic/petclinic-web/target/classes:/home/pedrocoelho/Workspaces/intelliJ-workspace/petclinic/petclinic-data/target/petclinic-data-0.0.8-SNAPSHOT.jar:/home/pedrocoelho/.m2/repository/org/springframework/boot/spring-boot-starter-data-jpa/2.1.7.RELEASE/spring-boot-starter-data-jpa-2.1.7.RELEASE.jar:/home/pedrocoelho/.m2/repository/org/springframework/boot/spring-boot-starter-aop/2.1.7.RELEASE/spring-boot-starter-aop-2.1.7.RELEASE.jar:/home/pedrocoelho/.m2/repository/org/aspectj/aspectjweaver/1.9.4/aspectjweaver-1.9.4.jar:/home/pedrocoelho/.m2/repository/org/springframework/boot/spring-boot-starter-jdbc/2.1.7.RELEASE/spring-boot-starter-jdbc-2.1.7.RELEASE.jar:/home/pedrocoelho/.m2/repository/com/zaxxer/HikariCP/3.2.0/HikariCP-3.2.0.jar:/home/pedrocoelho/.m2/repository/org/springframework/spring-jdbc/5.1.9.RELEASE/spring-jdbc-5.1.9.RELEASE.jar:/home/pedrocoelho/.m2/repository/javax/transaction/javax.transaction-api/1.3/javax.transaction-api-1.3.jar:/home/pedrocoelho/.m2/repository/javax/xml/bind/jaxb-api/2.3.1/jaxb-api-2.3.1.jar:/home/pedrocoelho/.m2/repository/javax/activation/javax.activation-api/1.2.0/javax.activation-api-1.2.0.jar:/home/pedrocoelho/.m2/repository/org/hibernate/hibernate-core/5.3.10.Final/hibernate-core-5.3.10.Final.jar:/home/pedrocoelho/.m2/repository/javax/persistence/javax.persistence-api/2.2/javax.persistence-api-2.2.jar:/home/pedrocoelho/.m2/repository/org/javassist/javassist/3.23.2-GA/javassist-3.23.2-GA.jar:/home/pedrocoelho/.m2/repository/antlr/antlr/2.7.7/antlr-2.7.7.jar:/home/pedrocoelho/.m2/repository/org/jboss/jandex/2.0.5.Final/jandex-2.0.5.Final.jar:/home/pedrocoelho/.m2/repository/org/dom4j/dom4j/2.1.1/dom4j-2.1.1.jar:/home/pedrocoelho/.m2/repository/org/hibernate/common/hibernate-commons-annotations/5.0.4.Final/hibernate-commons-annotations-5.0.4.Final.jar:/home/pedrocoelho/.m2/repository/org/springframework/data/spring-data-jpa/2.1.10.RELEASE/spring-data-jpa-2.1.10.RELEASE.jar:/home/pedrocoelho/.m2/repository/org/springframework/data/spring-data-commons/2.1.10.RELEASE/spring-data-commons-2.1.10.RELEASE.jar:/home/pedrocoelho/.m2/repository/org/springframework/spring-orm/5.1.9.RELEASE/spring-orm-5.1.9.RELEASE.jar:/home/pedrocoelho/.m2/repository/org/springframework/spring-tx/5.1.9.RELEASE/spring-tx-5.1.9.RELEASE.jar:/home/pedrocoelho/.m2/repository/org/springframework/spring-aspects/5.1.9.RELEASE/spring-aspects-5.1.9.RELEASE.jar:/home/pedrocoelho/.m2/repository/com/h2database/h2/1.4.199/h2-1.4.199.jar:/home/pedrocoelho/.m2/repository/mysql/mysql-connector-java/8.0.17/mysql-connector-java-8.0.17.jar:/home/pedrocoelho/.m2/repository/org/springframework/boot/spring-boot-starter-actuator/2.1.7.RELEASE/spring-boot-starter-actuator-2.1.7.RELEASE.jar:/home/pedrocoelho/.m2/repository/org/springframework/boot/spring-boot-starter/2.1.7.RELEASE/spring-boot-starter-2.1.7.RELEASE.jar:/home/pedrocoelho/.m2/repository/org/springframework/boot/spring-boot-starter-logging/2.1.7.RELEASE/spring-boot-starter-logging-2.1.7.RELEASE.jar:/home/pedrocoelho/.m2/repository/ch/qos/logback/logback-classic/1.2.3/logback-classic-1.2.3.jar:/home/pedrocoelho/.m2/repository/ch/qos/logback/logback-core/1.2.3/logback-core-1.2.3.jar:/home/pedrocoelho/.m2/repository/org/apache/logging/log4j/log4j-to-slf4j/2.11.2/log4j-to-slf4j-2.11.2.jar:/home/pedrocoelho/.m2/repository/org/apache/logging/log4j/log4j-api/2.11.2/log4j-api-2.11.2.jar:/home/pedrocoelho/.m2/repository/org/slf4j/jul-to-slf4j/1.7.26/jul-to-slf4j-1.7.26.jar:/home/pedrocoelho/.m2/repository/javax/annotation/javax.annotation-api/1.3.2/javax.annotation-api-1.3.2.jar:/home/pedrocoelho/.m2/repository/org/yaml/snakeyaml/1.23/snakeyaml-1.23.jar:/home/pedrocoelho/.m2/repository/org/springframework/boot/spring-boot-actuator-autoconfigure/2.1.7.RELEASE/spring-boot-actuator-autoconfigure-2.1.7.RELEASE.jar:/home/pedrocoelho/.m2/repository/org/springframework/boot/spring-boot-actuator/2.1.7.RELEASE/spring-boot-actuator-2.1.7.RELEASE.jar:/home/pedrocoelho/.m2/repository/com/fasterxml/jackson/core/jackson-databind/2.9.9/jackson-databind-2.9.9.jar:/home/pedrocoelho/.m2/repository/com/fasterxml/jackson/core/jackson-annotations/2.9.0/jackson-annotations-2.9.0.jar:/home/pedrocoelho/.m2/repository/org/springframework/spring-context/5.1.9.RELEASE/spring-context-5.1.9.RELEASE.jar:/home/pedrocoelho/.m2/repository/com/fasterxml/jackson/datatype/jackson-datatype-jsr310/2.9.9/jackson-datatype-jsr310-2.9.9.jar:/home/pedrocoelho/.m2/repository/io/micrometer/micrometer-core/1.1.5/micrometer-core-1.1.5.jar:/home/pedrocoelho/.m2/repository/org/hdrhistogram/HdrHistogram/2.1.9/HdrHistogram-2.1.9.jar:/home/pedrocoelho/.m2/repository/org/latencyutils/LatencyUtils/2.0.3/LatencyUtils-2.0.3.jar:/home/pedrocoelho/.m2/repository/org/springframework/boot/spring-boot-starter-thymeleaf/2.1.7.RELEASE/spring-boot-starter-thymeleaf-2.1.7.RELEASE.jar:/home/pedrocoelho/.m2/repository/org/thymeleaf/thymeleaf-spring5/3.0.11.RELEASE/thymeleaf-spring5-3.0.11.RELEASE.jar:/home/pedrocoelho/.m2/repository/org/thymeleaf/thymeleaf/3.0.11.RELEASE/thymeleaf-3.0.11.RELEASE.jar:/home/pedrocoelho/.m2/repository/org/attoparser/attoparser/2.0.5.RELEASE/attoparser-2.0.5.RELEASE.jar:/home/pedrocoelho/.m2/repository/org/unbescape/unbescape/1.1.6.RELEASE/unbescape-1.1.6.RELEASE.jar:/home/pedrocoelho/.m2/repository/org/thymeleaf/extras/thymeleaf-extras-java8time/3.0.4.RELEASE/thymeleaf-extras-java8time-3.0.4.RELEASE.jar:/home/pedrocoelho/.m2/repository/org/springframework/boot/spring-boot-starter-web/2.1.7.RELEASE/spring-boot-starter-web-2.1.7.RELEASE.jar:/home/pedrocoelho/.m2/repository/org/springframework/boot/spring-boot-starter-json/2.1.7.RELEASE/spring-boot-starter-json-2.1.7.RELEASE.jar:/home/pedrocoelho/.m2/repository/com/fasterxml/jackson/datatype/jackson-datatype-jdk8/2.9.9/jackson-datatype-jdk8-2.9.9.jar:/home/pedrocoelho/.m2/repository/com/fasterxml/jackson/module/jackson-module-parameter-names/2.9.9/jackson-module-parameter-names-2.9.9.jar:/home/pedrocoelho/.m2/repository/org/springframework/boot/spring-boot-starter-tomcat/2.1.7.RELEASE/spring-boot-starter-tomcat-2.1.7.RELEASE.jar:/home/pedrocoelho/.m2/repository/org/apache/tomcat/embed/tomcat-embed-core/9.0.22/tomcat-embed-core-9.0.22.jar:/home/pedrocoelho/.m2/repository/org/apache/tomcat/embed/tomcat-embed-el/9.0.22/tomcat-embed-el-9.0.22.jar:/home/pedrocoelho/.m2/repository/org/apache/tomcat/embed/tomcat-embed-websocket/9.0.22/tomcat-embed-websocket-9.0.22.jar:/home/pedrocoelho/.m2/repository/org/hibernate/validator/hibernate-validator/6.0.17.Final/hibernate-validator-6.0.17.Final.jar:/home/pedrocoelho/.m2/repository/javax/validation/validation-api/2.0.1.Final/validation-api-2.0.1.Final.jar:/home/pedrocoelho/.m2/repository/org/jboss/logging/jboss-logging/3.3.2.Final/jboss-logging-3.3.2.Final.jar:/home/pedrocoelho/.m2/repository/com/fasterxml/classmate/1.4.0/classmate-1.4.0.jar:/home/pedrocoelho/.m2/repository/org/springframework/spring-web/5.1.9.RELEASE/spring-web-5.1.9.RELEASE.jar:/home/pedrocoelho/.m2/repository/org/springframework/spring-beans/5.1.9.RELEASE/spring-beans-5.1.9.RELEASE.jar:/home/pedrocoelho/.m2/repository/org/springframework/spring-webmvc/5.1.9.RELEASE/spring-webmvc-5.1.9.RELEASE.jar:/home/pedrocoelho/.m2/repository/org/springframework/spring-aop/5.1.9.RELEASE/spring-aop-5.1.9.RELEASE.jar:/home/pedrocoelho/.m2/repository/org/springframework/spring-expression/5.1.9.RELEASE/spring-expression-5.1.9.RELEASE.jar:/home/pedrocoelho/.m2/repository/org/springframework/boot/spring-boot-devtools/2.1.7.RELEASE/spring-boot-devtools-2.1.7.RELEASE.jar:/home/pedrocoelho/.m2/repository/org/springframework/boot/spring-boot/2.1.7.RELEASE/spring-boot-2.1.7.RELEASE.jar:/home/pedrocoelho/.m2/repository/org/springframework/boot/spring-boot-autoconfigure/2.1.7.RELEASE/spring-boot-autoconfigure-2.1.7.RELEASE.jar:/home/pedrocoelho/.m2/repository/org/webjars/webjars-locator-core/0.35/webjars-locator-core-0.35.jar:/home/pedrocoelho/.m2/repository/org/slf4j/slf4j-api/1.7.26/slf4j-api-1.7.26.jar:/home/pedrocoelho/.m2/repository/org/apache/commons/commons-lang3/3.8.1/commons-lang3-3.8.1.jar:/home/pedrocoelho/.m2/repository/org/apache/commons/commons-compress/1.9/commons-compress-1.9.jar:/home/pedrocoelho/.m2/repository/com/fasterxml/jackson/core/jackson-core/2.9.9/jackson-core-2.9.9.jar:/home/pedrocoelho/.m2/repository/org/webjars/jquery/2.2.4/jquery-2.2.4.jar:/home/pedrocoelho/.m2/repository/org/webjars/jquery-ui/1.11.4/jquery-ui-1.11.4.jar:/home/pedrocoelho/.m2/repository/org/webjars/bootstrap/3.3.6/bootstrap-3.3.6.jar:/home/pedrocoelho/.m2/repository/org/springframework/boot/spring-boot-starter-test/2.1.7.RELEASE/spring-boot-starter-test-2.1.7.RELEASE.jar:/home/pedrocoelho/.m2/repository/org/springframework/boot/spring-boot-test/2.1.7.RELEASE/spring-boot-test-2.1.7.RELEASE.jar:/home/pedrocoelho/.m2/repository/org/springframework/boot/spring-boot-test-autoconfigure/2.1.7.RELEASE/spring-boot-test-autoconfigure-2.1.7.RELEASE.jar:/home/pedrocoelho/.m2/repository/com/jayway/jsonpath/json-path/2.4.0/json-path-2.4.0.jar:/home/pedrocoelho/.m2/repository/net/minidev/json-smart/2.3/json-smart-2.3.jar:/home/pedrocoelho/.m2/repository/net/minidev/accessors-smart/1.2/accessors-smart-1.2.jar:/home/pedrocoelho/.m2/repository/org/ow2/asm/asm/5.0.4/asm-5.0.4.jar:/home/pedrocoelho/.m2/repository/junit/junit/4.12/junit-4.12.jar:/home/pedrocoelho/.m2/repository/org/assertj/assertj-core/3.11.1/assertj-core-3.11.1.jar:/home/pedrocoelho/.m2/repository/org/mockito/mockito-core/2.23.4/mockito-core-2.23.4.jar:/home/pedrocoelho/.m2/repository/net/bytebuddy/byte-buddy/1.9.16/byte-buddy-1.9.16.jar:/home/pedrocoelho/.m2/repository/net/bytebuddy/byte-buddy-agent/1.9.16/byte-buddy-agent-1.9.16.jar:/home/pedrocoelho/.m2/repository/org/objenesis/objenesis/2.6/objenesis-2.6.jar:/home/pedrocoelho/.m2/repository/org/hamcrest/hamcrest-core/1.3/hamcrest-core-1.3.jar:/home/pedrocoelho/.m2/repository/org/hamcrest/hamcrest-library/1.3/hamcrest-library-1.3.jar:/home/pedrocoelho/.m2/repository/org/skyscreamer/jsonassert/1.5.0/jsonassert-1.5.0.jar:/home/pedrocoelho/.m2/repository/com/vaadin/external/google/android-json/0.0.20131108.vaadin1/android-json-0.0.20131108.vaadin1.jar:/home/pedrocoelho/.m2/repository/org/springframework/spring-core/5.1.9.RELEASE/spring-core-5.1.9.RELEASE.jar:/home/pedrocoelho/.m2/repository/org/springframework/spring-jcl/5.1.9.RELEASE/spring-jcl-5.1.9.RELEASE.jar:/home/pedrocoelho/.m2/repository/org/springframework/spring-test/5.1.9.RELEASE/spring-test-5.1.9.RELEASE.jar:/home/pedrocoelho/.m2/repository/org/xmlunit/xmlunit-core/2.6.3/xmlunit-core-2.6.3.jar:"/>
    <property name="sun.cpu.endian" value="little"/>
    <property name="user.home" value="/home/pedrocoelho"/>
    <property name="user.language" value="en"/>
    <property name="java.specification.vendor" value="Oracle Corporation"/>
    <property name="java.version.date" value="2019-09-17"/>
    <property name="idea.version2019.2.2" value="true"/>
    <property name="java.home" value="/usr/lib/jvm/java-13-openjdk-amd64"/>
    <property name="file.separator" value="/"/>
    <property name="basedir" value="/home/pedrocoelho/Workspaces/intelliJ-workspace/petclinic/petclinic-web"/>
    <property name="java.vm.compressedOopsMode" value="Zero based"/>
    <property name="line.separator" value="&#10;"/>
    <property name="java.vm.specification.vendor" value="Oracle Corporation"/>
    <property name="java.specification.name" value="Java Platform API Specification"/>
    <property name="surefire.real.class.path" value="/home/pedrocoelho/Workspaces/intelliJ-workspace/petclinic/petclinic-web/target/surefire/surefirebooter17804351613157915692.jar"/>
    <property name="sun.management.compiler" value="HotSpot 64-Bit Tiered Compilers"/>
    <property name="java.runtime.version" value="13+33-Ubuntu-1"/>
    <property name="user.name" value="pedrocoelho"/>
    <property name="path.separator" value=":"/>
    <property name="os.version" value="5.3.0-20-generic"/>
    <property name="java.runtime.name" value="OpenJDK Runtime Environment"/>
    <property name="file.encoding" value="UTF-8"/>
    <property name="java.vm.name" value="OpenJDK 64-Bit Server VM"/>
    <property name="localRepository" value="/home/pedrocoelho/.m2/repository"/>
    <property name="java.vendor.url.bug" value="Unknown"/>
    <property name="java.io.tmpdir" value="/tmp"/>
    <property name="java.version" value="13"/>
    <property name="user.dir" value="/home/pedrocoelho/Workspaces/intelliJ-workspace/petclinic/petclinic-web"/>
    <property name="os.arch" value="amd64"/>
    <property name="java.vm.specification.name" value="Java Virtual Machine Specification"/>
    <property name="java.library.path" value="/usr/java/packages/lib:/usr/lib/x86_64-linux-gnu/jni:/lib/x86_64-linux-gnu:/usr/lib/x86_64-linux-gnu:/usr/lib/jni:/lib:/usr/lib"/>
    <property name="java.vm.info" value="mixed mode"/>
    <property name="java.vendor" value="Private Build"/>
    <property name="java.vm.version" value="13+33-Ubuntu-1"/>
    <property name="sun.io.unicode.encoding" value="UnicodeLittle"/>
    <property name="java.class.version" value="57.0"/>
  </properties>
  <testcase name="contextLoads" classname="com.pedrocoelho.learningspringframework.PetClinicApplicationTests" time="0.002">
    <error message="Failed to load ApplicationContext" type="java.lang.IllegalStateException"><![CDATA[java.lang.IllegalStateException: Failed to load ApplicationContext
Caused by: org.springframework.beans.factory.BeanCreationException: 
Error creating bean with name 'requestMappingHandlerMapping' defined in class path resource [org/springframework/boot/autoconfigure/web/servlet/WebMvcAutoConfiguration$EnableWebMvcConfiguration.class]: Invocation of init method failed; nested exception is java.lang.IllegalStateException: Ambiguous mapping. Cannot map 'basicErrorController' method 
public org.springframework.http.ResponseEntity<java.util.Map<java.lang.String, java.lang.Object>> org.springframework.boot.autoconfigure.web.servlet.error.BasicErrorController.error(javax.servlet.http.HttpServletRequest)
to { /error}: There is already 'indexController' bean method
public java.lang.String com.pedrocoelho.learningspringframework.controllers.IndexController.error() mapped.
Caused by: java.lang.IllegalStateException: 
Ambiguous mapping. Cannot map 'basicErrorController' method 
public org.springframework.http.ResponseEntity<java.util.Map<java.lang.String, java.lang.Object>> org.springframework.boot.autoconfigure.web.servlet.error.BasicErrorController.error(javax.servlet.http.HttpServletRequest)
to { /error}: There is already 'indexController' bean method
public java.lang.String com.pedrocoelho.learningspringframework.controllers.IndexController.error() mapped.
]]></error>
    <system-out><![CDATA[13:24:39.930 [main] DEBUG org.springframework.test.context.junit4.SpringJUnit4ClassRunner - SpringJUnit4ClassRunner constructor called with [class com.pedrocoelho.learningspringframework.PetClinicApplicationTests]
13:24:39.939 [main] DEBUG org.springframework.test.context.BootstrapUtils - Instantiating CacheAwareContextLoaderDelegate from class [org.springframework.test.context.cache.DefaultCacheAwareContextLoaderDelegate]
13:24:39.962 [main] DEBUG org.springframework.test.context.BootstrapUtils - Instantiating BootstrapContext using constructor [public org.springframework.test.context.support.DefaultBootstrapContext(java.lang.Class,org.springframework.test.context.CacheAwareContextLoaderDelegate)]
13:24:39.987 [main] DEBUG org.springframework.test.context.BootstrapUtils - Instantiating TestContextBootstrapper for test class [com.pedrocoelho.learningspringframework.PetClinicApplicationTests] from class [org.springframework.boot.test.context.SpringBootTestContextBootstrapper]
13:24:40.007 [main] INFO org.springframework.boot.test.context.SpringBootTestContextBootstrapper - Neither @ContextConfiguration nor @ContextHierarchy found for test class [com.pedrocoelho.learningspringframework.PetClinicApplicationTests], using SpringBootContextLoader
13:24:40.012 [main] DEBUG org.springframework.test.context.support.AbstractContextLoader - Did not detect default resource location for test class [com.pedrocoelho.learningspringframework.PetClinicApplicationTests]: class path resource [com/pedrocoelho/learningspringframework/PetClinicApplicationTests-context.xml] does not exist
13:24:40.013 [main] DEBUG org.springframework.test.context.support.AbstractContextLoader - Did not detect default resource location for test class [com.pedrocoelho.learningspringframework.PetClinicApplicationTests]: class path resource [com/pedrocoelho/learningspringframework/PetClinicApplicationTestsContext.groovy] does not exist
13:24:40.013 [main] INFO org.springframework.test.context.support.AbstractContextLoader - Could not detect default resource locations for test class [com.pedrocoelho.learningspringframework.PetClinicApplicationTests]: no resource found for suffixes {-context.xml, Context.groovy}.
13:24:40.014 [main] INFO org.springframework.test.context.support.AnnotationConfigContextLoaderUtils - Could not detect default configuration classes for test class [com.pedrocoelho.learningspringframework.PetClinicApplicationTests]: PetClinicApplicationTests does not declare any static, non-private, non-final, nested classes annotated with @Configuration.
13:24:40.071 [main] DEBUG org.springframework.test.context.support.ActiveProfilesUtils - Could not find an 'annotation declaring class' for annotation type [org.springframework.test.context.ActiveProfiles] and class [com.pedrocoelho.learningspringframework.PetClinicApplicationTests]
13:24:40.168 [main] DEBUG org.springframework.context.annotation.ClassPathScanningCandidateComponentProvider - Identified candidate component class: file [/home/pedrocoelho/Workspaces/intelliJ-workspace/petclinic/petclinic-web/target/classes/com/pedrocoelho/learningspringframework/PetClinicApplication.class]
13:24:40.171 [main] INFO org.springframework.boot.test.context.SpringBootTestContextBootstrapper - Found @SpringBootConfiguration com.pedrocoelho.learningspringframework.PetClinicApplication for test class com.pedrocoelho.learningspringframework.PetClinicApplicationTests
13:24:40.326 [main] DEBUG org.springframework.boot.test.context.SpringBootTestContextBootstrapper - @TestExecutionListeners is not present for class [com.pedrocoelho.learningspringframework.PetClinicApplicationTests]: using defaults.
13:24:40.326 [main] INFO org.springframework.boot.test.context.SpringBootTestContextBootstrapper - Loaded default TestExecutionListener class names from location [META-INF/spring.factories]: [org.springframework.boot.test.mock.mockito.MockitoTestExecutionListener, org.springframework.boot.test.mock.mockito.ResetMocksTestExecutionListener, org.springframework.boot.test.autoconfigure.restdocs.RestDocsTestExecutionListener, org.springframework.boot.test.autoconfigure.web.client.MockRestServiceServerResetTestExecutionListener, org.springframework.boot.test.autoconfigure.web.servlet.MockMvcPrintOnlyOnFailureTestExecutionListener, org.springframework.boot.test.autoconfigure.web.servlet.WebDriverTestExecutionListener, org.springframework.test.context.web.ServletTestExecutionListener, org.springframework.test.context.support.DirtiesContextBeforeModesTestExecutionListener, org.springframework.test.context.support.DependencyInjectionTestExecutionListener, org.springframework.test.context.support.DirtiesContextTestExecutionListener, org.springframework.test.context.transaction.TransactionalTestExecutionListener, org.springframework.test.context.jdbc.SqlScriptsTestExecutionListener]
13:24:40.351 [main] INFO org.springframework.boot.test.context.SpringBootTestContextBootstrapper - Using TestExecutionListeners: [org.springframework.test.context.web.ServletTestExecutionListener@7c51f34b, org.springframework.test.context.support.DirtiesContextBeforeModesTestExecutionListener@5495333e, org.springframework.boot.test.mock.mockito.MockitoTestExecutionListener@2a225dd7, org.springframework.boot.test.autoconfigure.SpringBootDependencyInjectionTestExecutionListener@61eaec38, org.springframework.test.context.support.DirtiesContextTestExecutionListener@125290e5, org.springframework.test.context.transaction.TransactionalTestExecutionListener@6fa34d52, org.springframework.test.context.jdbc.SqlScriptsTestExecutionListener@57576994, org.springframework.boot.test.mock.mockito.ResetMocksTestExecutionListener@616ac46a, org.springframework.boot.test.autoconfigure.restdocs.RestDocsTestExecutionListener@67b9b51a, org.springframework.boot.test.autoconfigure.web.client.MockRestServiceServerResetTestExecutionListener@1205bd62, org.springframework.boot.test.autoconfigure.web.servlet.MockMvcPrintOnlyOnFailureTestExecutionListener@7ef27d7f, org.springframework.boot.test.autoconfigure.web.servlet.WebDriverTestExecutionListener@490caf5f]
13:24:40.353 [main] DEBUG org.springframework.test.annotation.ProfileValueUtils - Retrieved @ProfileValueSourceConfiguration [null] for test class [com.pedrocoelho.learningspringframework.PetClinicApplicationTests]
13:24:40.353 [main] DEBUG org.springframework.test.annotation.ProfileValueUtils - Retrieved ProfileValueSource type [class org.springframework.test.annotation.SystemProfileValueSource] for class [com.pedrocoelho.learningspringframework.PetClinicApplicationTests]
13:24:40.355 [main] DEBUG org.springframework.test.annotation.ProfileValueUtils - Retrieved @ProfileValueSourceConfiguration [null] for test class [com.pedrocoelho.learningspringframework.PetClinicApplicationTests]
13:24:40.355 [main] DEBUG org.springframework.test.annotation.ProfileValueUtils - Retrieved ProfileValueSource type [class org.springframework.test.annotation.SystemProfileValueSource] for class [com.pedrocoelho.learningspringframework.PetClinicApplicationTests]
13:24:40.356 [main] DEBUG org.springframework.test.annotation.ProfileValueUtils - Retrieved @ProfileValueSourceConfiguration [null] for test class [com.pedrocoelho.learningspringframework.PetClinicApplicationTests]
13:24:40.356 [main] DEBUG org.springframework.test.annotation.ProfileValueUtils - Retrieved ProfileValueSource type [class org.springframework.test.annotation.SystemProfileValueSource] for class [com.pedrocoelho.learningspringframework.PetClinicApplicationTests]
13:24:40.362 [main] DEBUG org.springframework.test.context.support.AbstractDirtiesContextTestExecutionListener - Before test class: context [DefaultTestContext@7357a011 testClass = PetClinicApplicationTests, testInstance = [null], testMethod = [null], testException = [null], mergedContextConfiguration = [WebMergedContextConfiguration@3406472c testClass = PetClinicApplicationTests, locations = '{}', classes = '{class com.pedrocoelho.learningspringframework.PetClinicApplication}', contextInitializerClasses = '[]', activeProfiles = '{}', propertySourceLocations = '{}', propertySourceProperties = '{org.springframework.boot.test.context.SpringBootTestContextBootstrapper=true}', contextCustomizers = set[org.springframework.boot.test.context.filter.ExcludeFilterContextCustomizer@53aad5d5, org.springframework.boot.test.json.DuplicateJsonObjectContextCustomizerFactory$DuplicateJsonObjectContextCustomizer@4f67eb2a, org.springframework.boot.test.mock.mockito.MockitoContextCustomizer@0, org.springframework.boot.test.web.client.TestRestTemplateContextCustomizer@2177849e, org.springframework.boot.test.autoconfigure.properties.PropertyMappingContextCustomizer@0, org.springframework.boot.test.autoconfigure.web.servlet.WebDriverContextCustomizerFactory$Customizer@68c72235], resourceBasePath = 'src/main/webapp', contextLoader = 'org.springframework.boot.test.context.SpringBootContextLoader', parent = [null]], attributes = map['org.springframework.test.context.web.ServletTestExecutionListener.activateListener' -> true]], class annotated with @DirtiesContext [false] with mode [null].
13:24:40.363 [main] DEBUG org.springframework.test.annotation.ProfileValueUtils - Retrieved @ProfileValueSourceConfiguration [null] for test class [com.pedrocoelho.learningspringframework.PetClinicApplicationTests]
13:24:40.363 [main] DEBUG org.springframework.test.annotation.ProfileValueUtils - Retrieved ProfileValueSource type [class org.springframework.test.annotation.SystemProfileValueSource] for class [com.pedrocoelho.learningspringframework.PetClinicApplicationTests]
13:24:40.395 [main] DEBUG org.springframework.test.context.support.TestPropertySourceUtils - Adding inlined properties to environment: {spring.jmx.enabled=false, org.springframework.boot.test.context.SpringBootTestContextBootstrapper=true, server.port=-1}


                                                                              
                                                                              
                                                                              
             @@@@                                                             
             @@@@@ o@@@@                                                      
       @@@@@ .@@@@ @@@@@                                                      
       @@@@@@       @@@@                                                      
         @@@@    @@@@                                                         
               @@@@@@@@@@           @@#                                       
       @@@@@@ @@@@@@@@@@@@         @@@@@   @@@                                
        @@@@@@@@@@@@@@@@      @@@  @@@@@@ @@@@@                               
              @@@@@@         @@@@@@: @@@  @@@@@                               
               @@@            @@@@@@        @                                 
                                      @@@@@@@@                                
                              @@@@@  @@@@@@@@@@@@                             
                              @@@@@@ @@@@@@@@@@@                              
                                @@@o @@@@@@@                                  
                                     @@@@@                                    
                                                                              
                                                                              
                                                                              
                                     @@@@                                     
                                     @@@@@  @@@@                              
                               @@@@@  @@@@  @@@@                              
                               @@@@@@@      @@@@                              
                                 @@@@     @@                                  
                                       @@@@@@@@@@           @@o               
                               @@@@@@  @@@@@@@@@@@         @@@@@   #@@        
                                @@@@@@@@@@@@@@@@       @@   @@@@@ @@@@@       
                                       @@@@@          @@@@@8 @@@  @@@@@       
                                       @@@            @@@@@@        @@        
                                                              @@@@@@@@        
                                                      @@@@#  #@@@@@@@@@@#     
                                                      @@@@@@ @@@@@@@@@@@      
                                                        @@@@ @@@@@@@8         
                                                             @@@@@            
                                                                              
                                                                              

2019-11-01 13:24:41.108  INFO 18177 --- [           main] c.p.l.PetClinicApplicationTests          : Starting PetClinicApplicationTests on pop-os with PID 18177 (started by pedrocoelho in /home/pedrocoelho/Workspaces/intelliJ-workspace/petclinic/petclinic-web)
2019-11-01 13:24:41.109  INFO 18177 --- [           main] c.p.l.PetClinicApplicationTests          : The following profiles are active: jpa-services
2019-11-01 13:24:42.200  INFO 18177 --- [           main] .s.d.r.c.RepositoryConfigurationDelegate : Bootstrapping Spring Data repositories in DEFAULT mode.
2019-11-01 13:24:42.325  INFO 18177 --- [           main] .s.d.r.c.RepositoryConfigurationDelegate : Finished Spring Data repository scanning in 112ms. Found 6 repository interfaces.
2019-11-01 13:24:43.027  INFO 18177 --- [           main] trationDelegate$BeanPostProcessorChecker : Bean 'org.springframework.transaction.annotation.ProxyTransactionManagementConfiguration' of type [org.springframework.transaction.annotation.ProxyTransactionManagementConfiguration$$EnhancerBySpringCGLIB$$30b22ef8] is not eligible for getting processed by all BeanPostProcessors (for example: not eligible for auto-proxying)
2019-11-01 13:24:43.342  INFO 18177 --- [           main] com.zaxxer.hikari.HikariDataSource       : HikariPool-1 - Starting...
2019-11-01 13:24:43.581  INFO 18177 --- [           main] com.zaxxer.hikari.HikariDataSource       : HikariPool-1 - Start completed.
2019-11-01 13:24:43.698  INFO 18177 --- [           main] o.hibernate.jpa.internal.util.LogHelper  : HHH000204: Processing PersistenceUnitInfo [
	name: default
	...]
2019-11-01 13:24:43.797  INFO 18177 --- [           main] org.hibernate.Version                    : HHH000412: Hibernate Core {5.3.10.Final}
2019-11-01 13:24:43.799  INFO 18177 --- [           main] org.hibernate.cfg.Environment            : HHH000206: hibernate.properties not found
2019-11-01 13:24:44.048  INFO 18177 --- [           main] o.hibernate.annotations.common.Version   : HCANN000001: Hibernate Commons Annotations {5.0.4.Final}
2019-11-01 13:24:44.296  INFO 18177 --- [           main] org.hibernate.dialect.Dialect            : HHH000400: Using dialect: org.hibernate.dialect.H2Dialect
Hibernate: drop table breeds if exists
Hibernate: drop table owners if exists
Hibernate: drop table pets if exists
Hibernate: drop table specialities if exists
Hibernate: drop table vet_specialities if exists
Hibernate: drop table vets if exists
Hibernate: drop table visits if exists
Hibernate: create table breeds (id bigint generated by default as identity, denomination varchar(255), primary key (id))
Hibernate: create table owners (id bigint generated by default as identity, address varchar(255), city varchar(255), first_name varchar(255), last_name varchar(255), phone_number varchar(255), primary key (id))
Hibernate: create table pets (id bigint generated by default as identity, birth_date date, name varchar(255), sex varchar(255), owner_id bigint, type_id bigint, primary key (id))
Hibernate: create table specialities (id bigint generated by default as identity, denomination varchar(255), primary key (id))
Hibernate: create table vet_specialities (vet_id bigint not null, speciality bigint not null, primary key (vet_id, speciality))
Hibernate: create table vets (id bigint generated by default as identity, address varchar(255), city varchar(255), first_name varchar(255), last_name varchar(255), phone_number varchar(255), primary key (id))
Hibernate: create table visits (id bigint generated by default as identity, date date, desc varchar(255), time time, pet_id bigint, primary key (id))
Hibernate: alter table pets add constraint FK6teg4kcjcnjhduguft56wcfoa foreign key (owner_id) references owners
Hibernate: alter table pets add constraint FKhuc3fe6hyap5iuf70xnu3ckyo foreign key (type_id) references breeds
Hibernate: alter table vet_specialities add constraint FKqn2npijaf9n6no4p7jsy6ytqn foreign key (speciality) references specialities
Hibernate: alter table vet_specialities add constraint FKeuarcu29fuywwvcv31bfgf500 foreign key (vet_id) references vets
Hibernate: alter table visits add constraint FK6jcifhlqqlsfseu67utlouauy foreign key (pet_id) references pets
2019-11-01 13:24:45.478  INFO 18177 --- [           main] o.h.t.schema.internal.SchemaCreatorImpl  : HHH000476: Executing import script 'org.hibernate.tool.schema.internal.exec.ScriptSourceInputNonExistentImpl@6d92e327'
2019-11-01 13:24:45.482  INFO 18177 --- [           main] j.LocalContainerEntityManagerFactoryBean : Initialized JPA EntityManagerFactory for persistence unit 'default'
2019-11-01 13:24:46.982  INFO 18177 --- [           main] o.s.s.concurrent.ThreadPoolTaskExecutor  : Initializing ExecutorService 'applicationTaskExecutor'
2019-11-01 13:24:47.062  WARN 18177 --- [           main] aWebConfiguration$JpaWebMvcConfiguration : spring.jpa.open-in-view is enabled by default. Therefore, database queries may be performed during view rendering. Explicitly configure spring.jpa.open-in-view to disable this warning
2019-11-01 13:24:47.115  WARN 18177 --- [           main] o.s.w.c.s.GenericWebApplicationContext   : Exception encountered during context initialization - cancelling refresh attempt: org.springframework.beans.factory.BeanCreationException: Error creating bean with name 'requestMappingHandlerMapping' defined in class path resource [org/springframework/boot/autoconfigure/web/servlet/WebMvcAutoConfiguration$EnableWebMvcConfiguration.class]: Invocation of init method failed; nested exception is java.lang.IllegalStateException: Ambiguous mapping. Cannot map 'basicErrorController' method 
public org.springframework.http.ResponseEntity<java.util.Map<java.lang.String, java.lang.Object>> org.springframework.boot.autoconfigure.web.servlet.error.BasicErrorController.error(javax.servlet.http.HttpServletRequest)
to { /error}: There is already 'indexController' bean method
public java.lang.String com.pedrocoelho.learningspringframework.controllers.IndexController.error() mapped.
2019-11-01 13:24:47.115  INFO 18177 --- [           main] o.s.s.concurrent.ThreadPoolTaskExecutor  : Shutting down ExecutorService 'applicationTaskExecutor'
2019-11-01 13:24:47.118  INFO 18177 --- [           main] j.LocalContainerEntityManagerFactoryBean : Closing JPA EntityManagerFactory for persistence unit 'default'
2019-11-01 13:24:47.118  INFO 18177 --- [           main] .SchemaDropperImpl$DelayedDropActionImpl : HHH000477: Starting delayed evictData of schema as part of SessionFactory shut-down'
Hibernate: drop table breeds if exists
Hibernate: drop table owners if exists
Hibernate: drop table pets if exists
Hibernate: drop table specialities if exists
Hibernate: drop table vet_specialities if exists
Hibernate: drop table vets if exists
Hibernate: drop table visits if exists
2019-11-01 13:24:47.141  WARN 18177 --- [           main] o.s.b.f.support.DisposableBeanAdapter    : Invocation of destroy method failed on bean with name 'inMemoryDatabaseShutdownExecutor': org.h2.jdbc.JdbcSQLNonTransientConnectionException: Database is already closed (to disable automatic closing at VM shutdown, add ";DB_CLOSE_ON_EXIT=FALSE" to the db URL) [90121-199]
2019-11-01 13:24:47.142  INFO 18177 --- [           main] com.zaxxer.hikari.HikariDataSource       : HikariPool-1 - Shutdown initiated...
2019-11-01 13:24:47.149  INFO 18177 --- [           main] com.zaxxer.hikari.HikariDataSource       : HikariPool-1 - Shutdown completed.
2019-11-01 13:24:47.162  INFO 18177 --- [           main] ConditionEvaluationReportLoggingListener : 

Error starting ApplicationContext. To display the conditions report re-run your application with 'debug' enabled.
2019-11-01 13:24:47.168 ERROR 18177 --- [           main] o.s.boot.SpringApplication               : Application run failed

org.springframework.beans.factory.BeanCreationException: Error creating bean with name 'requestMappingHandlerMapping' defined in class path resource [org/springframework/boot/autoconfigure/web/servlet/WebMvcAutoConfiguration$EnableWebMvcConfiguration.class]: Invocation of init method failed; nested exception is java.lang.IllegalStateException: Ambiguous mapping. Cannot map 'basicErrorController' method 
public org.springframework.http.ResponseEntity<java.util.Map<java.lang.String, java.lang.Object>> org.springframework.boot.autoconfigure.web.servlet.error.BasicErrorController.error(javax.servlet.http.HttpServletRequest)
to { /error}: There is already 'indexController' bean method
public java.lang.String com.pedrocoelho.learningspringframework.controllers.IndexController.error() mapped.
	at org.springframework.beans.factory.support.AbstractAutowireCapableBeanFactory.initializeBean(AbstractAutowireCapableBeanFactory.java:1778) ~[spring-beans-5.1.9.RELEASE.jar:5.1.9.RELEASE]
	at org.springframework.beans.factory.support.AbstractAutowireCapableBeanFactory.doCreateBean(AbstractAutowireCapableBeanFactory.java:593) ~[spring-beans-5.1.9.RELEASE.jar:5.1.9.RELEASE]
	at org.springframework.beans.factory.support.AbstractAutowireCapableBeanFactory.createBean(AbstractAutowireCapableBeanFactory.java:515) ~[spring-beans-5.1.9.RELEASE.jar:5.1.9.RELEASE]
	at org.springframework.beans.factory.support.AbstractBeanFactory.lambda$doGetBean$0(AbstractBeanFactory.java:320) ~[spring-beans-5.1.9.RELEASE.jar:5.1.9.RELEASE]
	at org.springframework.beans.factory.support.DefaultSingletonBeanRegistry.getSingleton(DefaultSingletonBeanRegistry.java:222) ~[spring-beans-5.1.9.RELEASE.jar:5.1.9.RELEASE]
	at org.springframework.beans.factory.support.AbstractBeanFactory.doGetBean(AbstractBeanFactory.java:318) ~[spring-beans-5.1.9.RELEASE.jar:5.1.9.RELEASE]
	at org.springframework.beans.factory.support.AbstractBeanFactory.getBean(AbstractBeanFactory.java:199) ~[spring-beans-5.1.9.RELEASE.jar:5.1.9.RELEASE]
	at org.springframework.beans.factory.support.DefaultListableBeanFactory.preInstantiateSingletons(DefaultListableBeanFactory.java:845) ~[spring-beans-5.1.9.RELEASE.jar:5.1.9.RELEASE]
	at org.springframework.context.support.AbstractApplicationContext.finishBeanFactoryInitialization(AbstractApplicationContext.java:877) ~[spring-context-5.1.9.RELEASE.jar:5.1.9.RELEASE]
	at org.springframework.context.support.AbstractApplicationContext.refresh(AbstractApplicationContext.java:549) ~[spring-context-5.1.9.RELEASE.jar:5.1.9.RELEASE]
	at org.springframework.boot.SpringApplication.refresh(SpringApplication.java:743) ~[spring-boot-2.1.7.RELEASE.jar:2.1.7.RELEASE]
	at org.springframework.boot.SpringApplication.refreshContext(SpringApplication.java:390) ~[spring-boot-2.1.7.RELEASE.jar:2.1.7.RELEASE]
	at org.springframework.boot.SpringApplication.run(SpringApplication.java:312) ~[spring-boot-2.1.7.RELEASE.jar:2.1.7.RELEASE]
	at org.springframework.boot.test.context.SpringBootContextLoader.loadContext(SpringBootContextLoader.java:120) ~[spring-boot-test-2.1.7.RELEASE.jar:2.1.7.RELEASE]
	at org.springframework.test.context.cache.DefaultCacheAwareContextLoaderDelegate.loadContextInternal(DefaultCacheAwareContextLoaderDelegate.java:99) ~[spring-test-5.1.9.RELEASE.jar:5.1.9.RELEASE]
	at org.springframework.test.context.cache.DefaultCacheAwareContextLoaderDelegate.loadContext(DefaultCacheAwareContextLoaderDelegate.java:117) ~[spring-test-5.1.9.RELEASE.jar:5.1.9.RELEASE]
	at org.springframework.test.context.support.DefaultTestContext.getApplicationContext(DefaultTestContext.java:108) ~[spring-test-5.1.9.RELEASE.jar:5.1.9.RELEASE]
	at org.springframework.test.context.web.ServletTestExecutionListener.setUpRequestContextIfNecessary(ServletTestExecutionListener.java:190) ~[spring-test-5.1.9.RELEASE.jar:5.1.9.RELEASE]
	at org.springframework.test.context.web.ServletTestExecutionListener.prepareTestInstance(ServletTestExecutionListener.java:132) ~[spring-test-5.1.9.RELEASE.jar:5.1.9.RELEASE]
	at org.springframework.test.context.TestContextManager.prepareTestInstance(TestContextManager.java:246) ~[spring-test-5.1.9.RELEASE.jar:5.1.9.RELEASE]
	at org.springframework.test.context.junit4.SpringJUnit4ClassRunner.createTest(SpringJUnit4ClassRunner.java:227) ~[spring-test-5.1.9.RELEASE.jar:5.1.9.RELEASE]
	at org.springframework.test.context.junit4.SpringJUnit4ClassRunner$1.runReflectiveCall(SpringJUnit4ClassRunner.java:289) ~[spring-test-5.1.9.RELEASE.jar:5.1.9.RELEASE]
	at org.junit.internal.runners.model.ReflectiveCallable.run(ReflectiveCallable.java:12) ~[junit-4.12.jar:4.12]
	at org.springframework.test.context.junit4.SpringJUnit4ClassRunner.methodBlock(SpringJUnit4ClassRunner.java:291) ~[spring-test-5.1.9.RELEASE.jar:5.1.9.RELEASE]
	at org.springframework.test.context.junit4.SpringJUnit4ClassRunner.runChild(SpringJUnit4ClassRunner.java:246) ~[spring-test-5.1.9.RELEASE.jar:5.1.9.RELEASE]
	at org.springframework.test.context.junit4.SpringJUnit4ClassRunner.runChild(SpringJUnit4ClassRunner.java:97) ~[spring-test-5.1.9.RELEASE.jar:5.1.9.RELEASE]
	at org.junit.runners.ParentRunner$3.run(ParentRunner.java:290) ~[junit-4.12.jar:4.12]
	at org.junit.runners.ParentRunner$1.schedule(ParentRunner.java:71) ~[junit-4.12.jar:4.12]
	at org.junit.runners.ParentRunner.runChildren(ParentRunner.java:288) ~[junit-4.12.jar:4.12]
	at org.junit.runners.ParentRunner.access$000(ParentRunner.java:58) ~[junit-4.12.jar:4.12]
	at org.junit.runners.ParentRunner$2.evaluate(ParentRunner.java:268) ~[junit-4.12.jar:4.12]
	at org.springframework.test.context.junit4.statements.RunBeforeTestClassCallbacks.evaluate(RunBeforeTestClassCallbacks.java:61) ~[spring-test-5.1.9.RELEASE.jar:5.1.9.RELEASE]
	at org.springframework.test.context.junit4.statements.RunAfterTestClassCallbacks.evaluate(RunAfterTestClassCallbacks.java:70) ~[spring-test-5.1.9.RELEASE.jar:5.1.9.RELEASE]
	at org.junit.runners.ParentRunner.run(ParentRunner.java:363) ~[junit-4.12.jar:4.12]
	at org.springframework.test.context.junit4.SpringJUnit4ClassRunner.run(SpringJUnit4ClassRunner.java:190) ~[spring-test-5.1.9.RELEASE.jar:5.1.9.RELEASE]
	at org.apache.maven.surefire.junit4.JUnit4Provider.execute(JUnit4Provider.java:365) ~[surefire-junit4-2.22.2.jar:2.22.2]
	at org.apache.maven.surefire.junit4.JUnit4Provider.executeWithRerun(JUnit4Provider.java:273) ~[surefire-junit4-2.22.2.jar:2.22.2]
	at org.apache.maven.surefire.junit4.JUnit4Provider.executeTestSet(JUnit4Provider.java:238) ~[surefire-junit4-2.22.2.jar:2.22.2]
	at org.apache.maven.surefire.junit4.JUnit4Provider.invoke(JUnit4Provider.java:159) ~[surefire-junit4-2.22.2.jar:2.22.2]
	at org.apache.maven.surefire.booter.ForkedBooter.invokeProviderInSameClassLoader(ForkedBooter.java:384) ~[surefire-booter-2.22.2.jar:2.22.2]
	at org.apache.maven.surefire.booter.ForkedBooter.runSuitesInProcess(ForkedBooter.java:345) ~[surefire-booter-2.22.2.jar:2.22.2]
	at org.apache.maven.surefire.booter.ForkedBooter.execute(ForkedBooter.java:126) ~[surefire-booter-2.22.2.jar:2.22.2]
	at org.apache.maven.surefire.booter.ForkedBooter.main(ForkedBooter.java:418) ~[surefire-booter-2.22.2.jar:2.22.2]
Caused by: java.lang.IllegalStateException: Ambiguous mapping. Cannot map 'basicErrorController' method 
public org.springframework.http.ResponseEntity<java.util.Map<java.lang.String, java.lang.Object>> org.springframework.boot.autoconfigure.web.servlet.error.BasicErrorController.error(javax.servlet.http.HttpServletRequest)
to { /error}: There is already 'indexController' bean method
public java.lang.String com.pedrocoelho.learningspringframework.controllers.IndexController.error() mapped.
	at org.springframework.web.servlet.handler.AbstractHandlerMethodMapping$MappingRegistry.assertUniqueMethodMapping(AbstractHandlerMethodMapping.java:618) ~[spring-webmvc-5.1.9.RELEASE.jar:5.1.9.RELEASE]
	at org.springframework.web.servlet.handler.AbstractHandlerMethodMapping$MappingRegistry.register(AbstractHandlerMethodMapping.java:586) ~[spring-webmvc-5.1.9.RELEASE.jar:5.1.9.RELEASE]
	at org.springframework.web.servlet.handler.AbstractHandlerMethodMapping.registerHandlerMethod(AbstractHandlerMethodMapping.java:312) ~[spring-webmvc-5.1.9.RELEASE.jar:5.1.9.RELEASE]
	at org.springframework.web.servlet.handler.AbstractHandlerMethodMapping.lambda$detectHandlerMethods$1(AbstractHandlerMethodMapping.java:282) ~[spring-webmvc-5.1.9.RELEASE.jar:5.1.9.RELEASE]
	at java.base/java.util.LinkedHashMap.forEach(LinkedHashMap.java:684) ~[na:na]
	at org.springframework.web.servlet.handler.AbstractHandlerMethodMapping.detectHandlerMethods(AbstractHandlerMethodMapping.java:280) ~[spring-webmvc-5.1.9.RELEASE.jar:5.1.9.RELEASE]
	at org.springframework.web.servlet.handler.AbstractHandlerMethodMapping.processCandidateBean(AbstractHandlerMethodMapping.java:252) ~[spring-webmvc-5.1.9.RELEASE.jar:5.1.9.RELEASE]
	at org.springframework.web.servlet.handler.AbstractHandlerMethodMapping.initHandlerMethods(AbstractHandlerMethodMapping.java:211) ~[spring-webmvc-5.1.9.RELEASE.jar:5.1.9.RELEASE]
	at org.springframework.web.servlet.handler.AbstractHandlerMethodMapping.afterPropertiesSet(AbstractHandlerMethodMapping.java:199) ~[spring-webmvc-5.1.9.RELEASE.jar:5.1.9.RELEASE]
	at org.springframework.web.servlet.mvc.method.annotation.RequestMappingHandlerMapping.afterPropertiesSet(RequestMappingHandlerMapping.java:164) ~[spring-webmvc-5.1.9.RELEASE.jar:5.1.9.RELEASE]
	at org.springframework.beans.factory.support.AbstractAutowireCapableBeanFactory.invokeInitMethods(AbstractAutowireCapableBeanFactory.java:1837) ~[spring-beans-5.1.9.RELEASE.jar:5.1.9.RELEASE]
	at org.springframework.beans.factory.support.AbstractAutowireCapableBeanFactory.initializeBean(AbstractAutowireCapableBeanFactory.java:1774) ~[spring-beans-5.1.9.RELEASE.jar:5.1.9.RELEASE]
	... 42 common frames omitted

2019-11-01 13:24:47.171 ERROR 18177 --- [           main] o.s.test.context.TestContextManager      : Caught exception while allowing TestExecutionListener [org.springframework.test.context.web.ServletTestExecutionListener@7c51f34b] to prepare test instance [com.pedrocoelho.learningspringframework.PetClinicApplicationTests@1ab717f3]

java.lang.IllegalStateException: Failed to load ApplicationContext
	at org.springframework.test.context.cache.DefaultCacheAwareContextLoaderDelegate.loadContext(DefaultCacheAwareContextLoaderDelegate.java:125) ~[spring-test-5.1.9.RELEASE.jar:5.1.9.RELEASE]
	at org.springframework.test.context.support.DefaultTestContext.getApplicationContext(DefaultTestContext.java:108) ~[spring-test-5.1.9.RELEASE.jar:5.1.9.RELEASE]
	at org.springframework.test.context.web.ServletTestExecutionListener.setUpRequestContextIfNecessary(ServletTestExecutionListener.java:190) ~[spring-test-5.1.9.RELEASE.jar:5.1.9.RELEASE]
	at org.springframework.test.context.web.ServletTestExecutionListener.prepareTestInstance(ServletTestExecutionListener.java:132) ~[spring-test-5.1.9.RELEASE.jar:5.1.9.RELEASE]
	at org.springframework.test.context.TestContextManager.prepareTestInstance(TestContextManager.java:246) ~[spring-test-5.1.9.RELEASE.jar:5.1.9.RELEASE]
	at org.springframework.test.context.junit4.SpringJUnit4ClassRunner.createTest(SpringJUnit4ClassRunner.java:227) ~[spring-test-5.1.9.RELEASE.jar:5.1.9.RELEASE]
	at org.springframework.test.context.junit4.SpringJUnit4ClassRunner$1.runReflectiveCall(SpringJUnit4ClassRunner.java:289) ~[spring-test-5.1.9.RELEASE.jar:5.1.9.RELEASE]
	at org.junit.internal.runners.model.ReflectiveCallable.run(ReflectiveCallable.java:12) ~[junit-4.12.jar:4.12]
	at org.springframework.test.context.junit4.SpringJUnit4ClassRunner.methodBlock(SpringJUnit4ClassRunner.java:291) ~[spring-test-5.1.9.RELEASE.jar:5.1.9.RELEASE]
	at org.springframework.test.context.junit4.SpringJUnit4ClassRunner.runChild(SpringJUnit4ClassRunner.java:246) ~[spring-test-5.1.9.RELEASE.jar:5.1.9.RELEASE]
	at org.springframework.test.context.junit4.SpringJUnit4ClassRunner.runChild(SpringJUnit4ClassRunner.java:97) ~[spring-test-5.1.9.RELEASE.jar:5.1.9.RELEASE]
	at org.junit.runners.ParentRunner$3.run(ParentRunner.java:290) ~[junit-4.12.jar:4.12]
	at org.junit.runners.ParentRunner$1.schedule(ParentRunner.java:71) ~[junit-4.12.jar:4.12]
	at org.junit.runners.ParentRunner.runChildren(ParentRunner.java:288) ~[junit-4.12.jar:4.12]
	at org.junit.runners.ParentRunner.access$000(ParentRunner.java:58) ~[junit-4.12.jar:4.12]
	at org.junit.runners.ParentRunner$2.evaluate(ParentRunner.java:268) ~[junit-4.12.jar:4.12]
	at org.springframework.test.context.junit4.statements.RunBeforeTestClassCallbacks.evaluate(RunBeforeTestClassCallbacks.java:61) ~[spring-test-5.1.9.RELEASE.jar:5.1.9.RELEASE]
	at org.springframework.test.context.junit4.statements.RunAfterTestClassCallbacks.evaluate(RunAfterTestClassCallbacks.java:70) ~[spring-test-5.1.9.RELEASE.jar:5.1.9.RELEASE]
	at org.junit.runners.ParentRunner.run(ParentRunner.java:363) ~[junit-4.12.jar:4.12]
	at org.springframework.test.context.junit4.SpringJUnit4ClassRunner.run(SpringJUnit4ClassRunner.java:190) ~[spring-test-5.1.9.RELEASE.jar:5.1.9.RELEASE]
	at org.apache.maven.surefire.junit4.JUnit4Provider.execute(JUnit4Provider.java:365) ~[surefire-junit4-2.22.2.jar:2.22.2]
	at org.apache.maven.surefire.junit4.JUnit4Provider.executeWithRerun(JUnit4Provider.java:273) ~[surefire-junit4-2.22.2.jar:2.22.2]
	at org.apache.maven.surefire.junit4.JUnit4Provider.executeTestSet(JUnit4Provider.java:238) ~[surefire-junit4-2.22.2.jar:2.22.2]
	at org.apache.maven.surefire.junit4.JUnit4Provider.invoke(JUnit4Provider.java:159) ~[surefire-junit4-2.22.2.jar:2.22.2]
	at org.apache.maven.surefire.booter.ForkedBooter.invokeProviderInSameClassLoader(ForkedBooter.java:384) ~[surefire-booter-2.22.2.jar:2.22.2]
	at org.apache.maven.surefire.booter.ForkedBooter.runSuitesInProcess(ForkedBooter.java:345) ~[surefire-booter-2.22.2.jar:2.22.2]
	at org.apache.maven.surefire.booter.ForkedBooter.execute(ForkedBooter.java:126) ~[surefire-booter-2.22.2.jar:2.22.2]
	at org.apache.maven.surefire.booter.ForkedBooter.main(ForkedBooter.java:418) ~[surefire-booter-2.22.2.jar:2.22.2]
Caused by: org.springframework.beans.factory.BeanCreationException: Error creating bean with name 'requestMappingHandlerMapping' defined in class path resource [org/springframework/boot/autoconfigure/web/servlet/WebMvcAutoConfiguration$EnableWebMvcConfiguration.class]: Invocation of init method failed; nested exception is java.lang.IllegalStateException: Ambiguous mapping. Cannot map 'basicErrorController' method 
public org.springframework.http.ResponseEntity<java.util.Map<java.lang.String, java.lang.Object>> org.springframework.boot.autoconfigure.web.servlet.error.BasicErrorController.error(javax.servlet.http.HttpServletRequest)
to { /error}: There is already 'indexController' bean method
public java.lang.String com.pedrocoelho.learningspringframework.controllers.IndexController.error() mapped.
	at org.springframework.beans.factory.support.AbstractAutowireCapableBeanFactory.initializeBean(AbstractAutowireCapableBeanFactory.java:1778) ~[spring-beans-5.1.9.RELEASE.jar:5.1.9.RELEASE]
	at org.springframework.beans.factory.support.AbstractAutowireCapableBeanFactory.doCreateBean(AbstractAutowireCapableBeanFactory.java:593) ~[spring-beans-5.1.9.RELEASE.jar:5.1.9.RELEASE]
	at org.springframework.beans.factory.support.AbstractAutowireCapableBeanFactory.createBean(AbstractAutowireCapableBeanFactory.java:515) ~[spring-beans-5.1.9.RELEASE.jar:5.1.9.RELEASE]
	at org.springframework.beans.factory.support.AbstractBeanFactory.lambda$doGetBean$0(AbstractBeanFactory.java:320) ~[spring-beans-5.1.9.RELEASE.jar:5.1.9.RELEASE]
	at org.springframework.beans.factory.support.DefaultSingletonBeanRegistry.getSingleton(DefaultSingletonBeanRegistry.java:222) ~[spring-beans-5.1.9.RELEASE.jar:5.1.9.RELEASE]
	at org.springframework.beans.factory.support.AbstractBeanFactory.doGetBean(AbstractBeanFactory.java:318) ~[spring-beans-5.1.9.RELEASE.jar:5.1.9.RELEASE]
	at org.springframework.beans.factory.support.AbstractBeanFactory.getBean(AbstractBeanFactory.java:199) ~[spring-beans-5.1.9.RELEASE.jar:5.1.9.RELEASE]
	at org.springframework.beans.factory.support.DefaultListableBeanFactory.preInstantiateSingletons(DefaultListableBeanFactory.java:845) ~[spring-beans-5.1.9.RELEASE.jar:5.1.9.RELEASE]
	at org.springframework.context.support.AbstractApplicationContext.finishBeanFactoryInitialization(AbstractApplicationContext.java:877) ~[spring-context-5.1.9.RELEASE.jar:5.1.9.RELEASE]
	at org.springframework.context.support.AbstractApplicationContext.refresh(AbstractApplicationContext.java:549) ~[spring-context-5.1.9.RELEASE.jar:5.1.9.RELEASE]
	at org.springframework.boot.SpringApplication.refresh(SpringApplication.java:743) ~[spring-boot-2.1.7.RELEASE.jar:2.1.7.RELEASE]
	at org.springframework.boot.SpringApplication.refreshContext(SpringApplication.java:390) ~[spring-boot-2.1.7.RELEASE.jar:2.1.7.RELEASE]
	at org.springframework.boot.SpringApplication.run(SpringApplication.java:312) ~[spring-boot-2.1.7.RELEASE.jar:2.1.7.RELEASE]
	at org.springframework.boot.test.context.SpringBootContextLoader.loadContext(SpringBootContextLoader.java:120) ~[spring-boot-test-2.1.7.RELEASE.jar:2.1.7.RELEASE]
	at org.springframework.test.context.cache.DefaultCacheAwareContextLoaderDelegate.loadContextInternal(DefaultCacheAwareContextLoaderDelegate.java:99) ~[spring-test-5.1.9.RELEASE.jar:5.1.9.RELEASE]
	at org.springframework.test.context.cache.DefaultCacheAwareContextLoaderDelegate.loadContext(DefaultCacheAwareContextLoaderDelegate.java:117) ~[spring-test-5.1.9.RELEASE.jar:5.1.9.RELEASE]
	... 27 common frames omitted
Caused by: java.lang.IllegalStateException: Ambiguous mapping. Cannot map 'basicErrorController' method 
public org.springframework.http.ResponseEntity<java.util.Map<java.lang.String, java.lang.Object>> org.springframework.boot.autoconfigure.web.servlet.error.BasicErrorController.error(javax.servlet.http.HttpServletRequest)
to { /error}: There is already 'indexController' bean method
public java.lang.String com.pedrocoelho.learningspringframework.controllers.IndexController.error() mapped.
	at org.springframework.web.servlet.handler.AbstractHandlerMethodMapping$MappingRegistry.assertUniqueMethodMapping(AbstractHandlerMethodMapping.java:618) ~[spring-webmvc-5.1.9.RELEASE.jar:5.1.9.RELEASE]
	at org.springframework.web.servlet.handler.AbstractHandlerMethodMapping$MappingRegistry.register(AbstractHandlerMethodMapping.java:586) ~[spring-webmvc-5.1.9.RELEASE.jar:5.1.9.RELEASE]
	at org.springframework.web.servlet.handler.AbstractHandlerMethodMapping.registerHandlerMethod(AbstractHandlerMethodMapping.java:312) ~[spring-webmvc-5.1.9.RELEASE.jar:5.1.9.RELEASE]
	at org.springframework.web.servlet.handler.AbstractHandlerMethodMapping.lambda$detectHandlerMethods$1(AbstractHandlerMethodMapping.java:282) ~[spring-webmvc-5.1.9.RELEASE.jar:5.1.9.RELEASE]
	at java.base/java.util.LinkedHashMap.forEach(LinkedHashMap.java:684) ~[na:na]
	at org.springframework.web.servlet.handler.AbstractHandlerMethodMapping.detectHandlerMethods(AbstractHandlerMethodMapping.java:280) ~[spring-webmvc-5.1.9.RELEASE.jar:5.1.9.RELEASE]
	at org.springframework.web.servlet.handler.AbstractHandlerMethodMapping.processCandidateBean(AbstractHandlerMethodMapping.java:252) ~[spring-webmvc-5.1.9.RELEASE.jar:5.1.9.RELEASE]
	at org.springframework.web.servlet.handler.AbstractHandlerMethodMapping.initHandlerMethods(AbstractHandlerMethodMapping.java:211) ~[spring-webmvc-5.1.9.RELEASE.jar:5.1.9.RELEASE]
	at org.springframework.web.servlet.handler.AbstractHandlerMethodMapping.afterPropertiesSet(AbstractHandlerMethodMapping.java:199) ~[spring-webmvc-5.1.9.RELEASE.jar:5.1.9.RELEASE]
	at org.springframework.web.servlet.mvc.method.annotation.RequestMappingHandlerMapping.afterPropertiesSet(RequestMappingHandlerMapping.java:164) ~[spring-webmvc-5.1.9.RELEASE.jar:5.1.9.RELEASE]
	at org.springframework.beans.factory.support.AbstractAutowireCapableBeanFactory.invokeInitMethods(AbstractAutowireCapableBeanFactory.java:1837) ~[spring-beans-5.1.9.RELEASE.jar:5.1.9.RELEASE]
	at org.springframework.beans.factory.support.AbstractAutowireCapableBeanFactory.initializeBean(AbstractAutowireCapableBeanFactory.java:1774) ~[spring-beans-5.1.9.RELEASE.jar:5.1.9.RELEASE]
	... 42 common frames omitted

]]></system-out>
  </testcase>
</testsuite>